[rank: 0] Seed set to 140799
2025-05-26 21:56:41.140 | INFO     | meds_torch.data.components.pytorch_dataset:__init__:510 - Reading subject schema and static data
2025-05-26 21:56:45.973 | INFO     | meds_torch.data.components.pytorch_dataset:__init__:510 - Reading subject schema and static data
2025-05-26 21:56:49.835 | INFO     | meds_torch.data.components.pytorch_dataset:__init__:510 - Reading subject schema and static data
2025-05-26 21:56:52.332 | INFO     | meds_torch.data.components.pytorch_dataset:__init__:510 - Reading subject schema and static data
Trainer already configured with model summary callbacks: [<class 'lightning.pytorch.callbacks.rich_model_summary.RichModelSummary'>]. Skipping setting a default `ModelSummary` callback.
GPU available: True (cuda), used: True
TPU available: False, using: 0 TPU cores
HPU available: False, using: 0 HPUs
wandb: Currently logged in as: payalchandak. Use `wandb login --relogin` to force relogin
wandb: Tracking run with wandb version 0.17.9
wandb: Run data is saved locally in /home/pac4279/EveryQuery/results/2025-05-26_21-56-25_391785/wandb/run-20250526_215657-7a1mt6dg
wandb: Run `wandb offline` to turn off syncing.
wandb: Syncing run cool-armadillo-681
wandb: ⭐️ View project at https://wandb.ai/payalchandak/EveryQuery
wandb: 🚀 View run at https://wandb.ai/payalchandak/EveryQuery/runs/7a1mt6dg
Initializing distributed: GLOBAL_RANK: 0, MEMBER: 1/1
----------------------------------------------------------------------------------------------------
distributed_backend=nccl
All distributed processes registered. Starting with 1 processes
----------------------------------------------------------------------------------------------------

LOCAL_RANK: 0 - CUDA_VISIBLE_DEVICES: [0]
SLURM auto-requeueing enabled. Setting signal handlers.
/home/pac4279/miniconda3/envs/eq/lib/python3.12/site-packages/lightning/pytorch/trainer/connectors/data_connector.py:424: The 'val_dataloader' does not have many workers which may be a bottleneck. Consider increasing the value of the `num_workers` argument` to `num_workers=3` in the `DataLoader` to improve performance.
slurmstepd: error: *** JOB 2404277 ON compute-g-17-154 CANCELLED AT 2025-05-26T22:01:21 ***
