[rank: 0] Seed set to 140799
2025-05-26 22:15:11.804 | INFO     | meds_torch.data.components.pytorch_dataset:__init__:510 - Reading subject schema and static data
2025-05-26 22:15:15.510 | INFO     | meds_torch.data.components.pytorch_dataset:__init__:510 - Reading subject schema and static data
2025-05-26 22:15:17.751 | INFO     | meds_torch.data.components.pytorch_dataset:__init__:510 - Reading subject schema and static data
2025-05-26 22:15:18.525 | INFO     | meds_torch.data.components.pytorch_dataset:__init__:510 - Reading subject schema and static data
Trainer already configured with model summary callbacks: [<class 'lightning.pytorch.callbacks.rich_model_summary.RichModelSummary'>]. Skipping setting a default `ModelSummary` callback.
GPU available: True (cuda), used: True
TPU available: False, using: 0 TPU cores
HPU available: False, using: 0 HPUs
wandb: Currently logged in as: payalchandak. Use `wandb login --relogin` to force relogin
wandb: Tracking run with wandb version 0.17.9
wandb: Run data is saved locally in /home/pac4279/EveryQuery/results/2025-05-26_22-15-11_113322/wandb/run-20250526_221523-kkb8fwas
wandb: Run `wandb offline` to turn off syncing.
wandb: Syncing run faithful-sponge-683
wandb: ⭐️ View project at https://wandb.ai/payalchandak/EveryQuery
wandb: 🚀 View run at https://wandb.ai/payalchandak/EveryQuery/runs/kkb8fwas
Initializing distributed: GLOBAL_RANK: 0, MEMBER: 1/1
----------------------------------------------------------------------------------------------------
distributed_backend=nccl
All distributed processes registered. Starting with 1 processes
----------------------------------------------------------------------------------------------------

LOCAL_RANK: 0 - CUDA_VISIBLE_DEVICES: [0]
SLURM auto-requeueing enabled. Setting signal handlers.
/home/pac4279/miniconda3/envs/eq/lib/python3.12/site-packages/lightning/pytorch/trainer/connectors/data_connector.py:424: The 'val_dataloader' does not have many workers which may be a bottleneck. Consider increasing the value of the `num_workers` argument` to `num_workers=3` in the `DataLoader` to improve performance.
/home/pac4279/miniconda3/envs/eq/lib/python3.12/site-packages/lightning/pytorch/trainer/connectors/logger_connector/result.py:431: It is recommended to use `self.log('val/loss', ..., sync_dist=True)` when logging on epoch level in distributed setting to accumulate the metric across devices.
/home/pac4279/miniconda3/envs/eq/lib/python3.12/site-packages/lightning/pytorch/trainer/connectors/logger_connector/result.py:431: It is recommended to use `self.log('val/censor_loss', ..., sync_dist=True)` when logging on epoch level in distributed setting to accumulate the metric across devices.
/home/pac4279/miniconda3/envs/eq/lib/python3.12/site-packages/lightning/pytorch/trainer/connectors/logger_connector/result.py:431: It is recommended to use `self.log('val/occurs_loss', ..., sync_dist=True)` when logging on epoch level in distributed setting to accumulate the metric across devices.
/home/pac4279/miniconda3/envs/eq/lib/python3.12/site-packages/lightning/pytorch/trainer/connectors/data_connector.py:424: The 'train_dataloader' does not have many workers which may be a bottleneck. Consider increasing the value of the `num_workers` argument` to `num_workers=3` in the `DataLoader` to improve performance.
wandb: - 0.007 MB of 0.007 MB uploadedwandb: \ 0.007 MB of 0.007 MB uploadedwandb: | 0.073 MB of 0.125 MB uploaded (0.003 MB deduped)wandb: / 0.073 MB of 0.125 MB uploaded (0.003 MB deduped)wandb: - 0.128 MB of 0.128 MB uploaded (0.003 MB deduped)wandb:                                                                                
wandb: W&B sync reduced upload amount by 2.3%
wandb: 🚀 View run faithful-sponge-683 at: https://wandb.ai/payalchandak/EveryQuery/runs/kkb8fwas
wandb: ⭐️ View project at: https://wandb.ai/payalchandak/EveryQuery
wandb: Synced 6 W&B file(s), 0 media file(s), 2 artifact file(s) and 0 other file(s)
wandb: Find logs at: ./results/2025-05-26_22-15-11_113322/wandb/run-20250526_221523-kkb8fwas/logs
wandb: WARNING wandb version 0.19.11 is available!  To upgrade, please run:
wandb: WARNING  $ pip install wandb --upgrade
wandb: WARNING The new W&B backend becomes opt-out in version 0.18.0; try it out with `wandb.require("core")`! See https://wandb.me/wandb-core for more information.
Error executing job with overrides: ['experiment=experiment.yaml', 'paths.data_dir=/n/data1/hms/dbmi/zaklab/payal/mimic/processed', 'paths.meds_cohort_dir=/n/data1/hms/dbmi/zaklab/payal/mimic/raw', 'paths.output_dir=/home/pac4279/EveryQuery/results']
Traceback (most recent call last):
  File "/home/pac4279/EveryQuery/src/train.py", line 141, in main
    metric_dict, _, best_model_path = train(cfg)
                                      ^^^^^^^^^^
  File "/home/pac4279/EveryQuery/meds-torch/src/meds_torch/utils/utils.py", line 77, in wrap
    raise ex
  File "/home/pac4279/EveryQuery/meds-torch/src/meds_torch/utils/utils.py", line 67, in wrap
    outputs = task_func(cfg=cfg, **kwargs)
              ^^^^^^^^^^^^^^^^^^^^^^^^^^^^
  File "/home/pac4279/EveryQuery/src/train.py", line 100, in train
    trainer.fit(model=model, datamodule=datamodule, ckpt_path=cfg.get("ckpt_path"))
  File "/home/pac4279/miniconda3/envs/eq/lib/python3.12/site-packages/lightning/pytorch/trainer/trainer.py", line 538, in fit
    call._call_and_handle_interrupt(
  File "/home/pac4279/miniconda3/envs/eq/lib/python3.12/site-packages/lightning/pytorch/trainer/call.py", line 46, in _call_and_handle_interrupt
    return trainer.strategy.launcher.launch(trainer_fn, *args, trainer=trainer, **kwargs)
           ^^^^^^^^^^^^^^^^^^^^^^^^^^^^^^^^^^^^^^^^^^^^^^^^^^^^^^^^^^^^^^^^^^^^^^^^^^^^^^
  File "/home/pac4279/miniconda3/envs/eq/lib/python3.12/site-packages/lightning/pytorch/strategies/launchers/subprocess_script.py", line 105, in launch
    return function(*args, **kwargs)
           ^^^^^^^^^^^^^^^^^^^^^^^^^
  File "/home/pac4279/miniconda3/envs/eq/lib/python3.12/site-packages/lightning/pytorch/trainer/trainer.py", line 574, in _fit_impl
    self._run(model, ckpt_path=ckpt_path)
  File "/home/pac4279/miniconda3/envs/eq/lib/python3.12/site-packages/lightning/pytorch/trainer/trainer.py", line 981, in _run
    results = self._run_stage()
              ^^^^^^^^^^^^^^^^^
  File "/home/pac4279/miniconda3/envs/eq/lib/python3.12/site-packages/lightning/pytorch/trainer/trainer.py", line 1025, in _run_stage
    self.fit_loop.run()
  File "/home/pac4279/miniconda3/envs/eq/lib/python3.12/site-packages/lightning/pytorch/loops/fit_loop.py", line 205, in run
    self.advance()
  File "/home/pac4279/miniconda3/envs/eq/lib/python3.12/site-packages/lightning/pytorch/loops/fit_loop.py", line 363, in advance
    self.epoch_loop.run(self._data_fetcher)
  File "/home/pac4279/miniconda3/envs/eq/lib/python3.12/site-packages/lightning/pytorch/loops/training_epoch_loop.py", line 140, in run
    self.advance(data_fetcher)
  File "/home/pac4279/miniconda3/envs/eq/lib/python3.12/site-packages/lightning/pytorch/loops/training_epoch_loop.py", line 250, in advance
    batch_output = self.automatic_optimization.run(trainer.optimizers[0], batch_idx, kwargs)
                   ^^^^^^^^^^^^^^^^^^^^^^^^^^^^^^^^^^^^^^^^^^^^^^^^^^^^^^^^^^^^^^^^^^^^^^^^^
  File "/home/pac4279/miniconda3/envs/eq/lib/python3.12/site-packages/lightning/pytorch/loops/optimization/automatic.py", line 190, in run
    self._optimizer_step(batch_idx, closure)
  File "/home/pac4279/miniconda3/envs/eq/lib/python3.12/site-packages/lightning/pytorch/loops/optimization/automatic.py", line 268, in _optimizer_step
    call._call_lightning_module_hook(
  File "/home/pac4279/miniconda3/envs/eq/lib/python3.12/site-packages/lightning/pytorch/trainer/call.py", line 167, in _call_lightning_module_hook
    output = fn(*args, **kwargs)
             ^^^^^^^^^^^^^^^^^^^
  File "/home/pac4279/miniconda3/envs/eq/lib/python3.12/site-packages/lightning/pytorch/core/module.py", line 1306, in optimizer_step
    optimizer.step(closure=optimizer_closure)
  File "/home/pac4279/miniconda3/envs/eq/lib/python3.12/site-packages/lightning/pytorch/core/optimizer.py", line 153, in step
    step_output = self._strategy.optimizer_step(self._optimizer, closure, **kwargs)
                  ^^^^^^^^^^^^^^^^^^^^^^^^^^^^^^^^^^^^^^^^^^^^^^^^^^^^^^^^^^^^^^^^^
  File "/home/pac4279/miniconda3/envs/eq/lib/python3.12/site-packages/lightning/pytorch/strategies/ddp.py", line 270, in optimizer_step
    optimizer_output = super().optimizer_step(optimizer, closure, model, **kwargs)
                       ^^^^^^^^^^^^^^^^^^^^^^^^^^^^^^^^^^^^^^^^^^^^^^^^^^^^^^^^^^^
  File "/home/pac4279/miniconda3/envs/eq/lib/python3.12/site-packages/lightning/pytorch/strategies/strategy.py", line 238, in optimizer_step
    return self.precision_plugin.optimizer_step(optimizer, model=model, closure=closure, **kwargs)
           ^^^^^^^^^^^^^^^^^^^^^^^^^^^^^^^^^^^^^^^^^^^^^^^^^^^^^^^^^^^^^^^^^^^^^^^^^^^^^^^^^^^^^^^
  File "/home/pac4279/miniconda3/envs/eq/lib/python3.12/site-packages/lightning/pytorch/plugins/precision/precision.py", line 122, in optimizer_step
    return optimizer.step(closure=closure, **kwargs)
           ^^^^^^^^^^^^^^^^^^^^^^^^^^^^^^^^^^^^^^^^^
  File "/home/pac4279/miniconda3/envs/eq/lib/python3.12/site-packages/torch/optim/optimizer.py", line 484, in wrapper
    out = func(*args, **kwargs)
          ^^^^^^^^^^^^^^^^^^^^^
  File "/home/pac4279/miniconda3/envs/eq/lib/python3.12/site-packages/torch/optim/optimizer.py", line 89, in _use_grad
    ret = func(self, *args, **kwargs)
          ^^^^^^^^^^^^^^^^^^^^^^^^^^^
  File "/home/pac4279/miniconda3/envs/eq/lib/python3.12/site-packages/torch/optim/adam.py", line 205, in step
    loss = closure()
           ^^^^^^^^^
  File "/home/pac4279/miniconda3/envs/eq/lib/python3.12/site-packages/lightning/pytorch/plugins/precision/precision.py", line 108, in _wrap_closure
    closure_result = closure()
                     ^^^^^^^^^
  File "/home/pac4279/miniconda3/envs/eq/lib/python3.12/site-packages/lightning/pytorch/loops/optimization/automatic.py", line 144, in __call__
    self._result = self.closure(*args, **kwargs)
                   ^^^^^^^^^^^^^^^^^^^^^^^^^^^^^
  File "/home/pac4279/miniconda3/envs/eq/lib/python3.12/site-packages/torch/utils/_contextlib.py", line 116, in decorate_context
    return func(*args, **kwargs)
           ^^^^^^^^^^^^^^^^^^^^^
  File "/home/pac4279/miniconda3/envs/eq/lib/python3.12/site-packages/lightning/pytorch/loops/optimization/automatic.py", line 129, in closure
    step_output = self._step_fn()
                  ^^^^^^^^^^^^^^^
  File "/home/pac4279/miniconda3/envs/eq/lib/python3.12/site-packages/lightning/pytorch/loops/optimization/automatic.py", line 317, in _training_step
    training_step_output = call._call_strategy_hook(trainer, "training_step", *kwargs.values())
                           ^^^^^^^^^^^^^^^^^^^^^^^^^^^^^^^^^^^^^^^^^^^^^^^^^^^^^^^^^^^^^^^^^^^^
  File "/home/pac4279/miniconda3/envs/eq/lib/python3.12/site-packages/lightning/pytorch/trainer/call.py", line 319, in _call_strategy_hook
    output = fn(*args, **kwargs)
             ^^^^^^^^^^^^^^^^^^^
  File "/home/pac4279/miniconda3/envs/eq/lib/python3.12/site-packages/lightning/pytorch/strategies/strategy.py", line 389, in training_step
    return self._forward_redirection(self.model, self.lightning_module, "training_step", *args, **kwargs)
           ^^^^^^^^^^^^^^^^^^^^^^^^^^^^^^^^^^^^^^^^^^^^^^^^^^^^^^^^^^^^^^^^^^^^^^^^^^^^^^^^^^^^^^^^^^^^^^
  File "/home/pac4279/miniconda3/envs/eq/lib/python3.12/site-packages/lightning/pytorch/strategies/strategy.py", line 640, in __call__
    wrapper_output = wrapper_module(*args, **kwargs)
                     ^^^^^^^^^^^^^^^^^^^^^^^^^^^^^^^
  File "/home/pac4279/miniconda3/envs/eq/lib/python3.12/site-packages/torch/nn/modules/module.py", line 1553, in _wrapped_call_impl
    return self._call_impl(*args, **kwargs)
           ^^^^^^^^^^^^^^^^^^^^^^^^^^^^^^^^
  File "/home/pac4279/miniconda3/envs/eq/lib/python3.12/site-packages/torch/nn/modules/module.py", line 1562, in _call_impl
    return forward_call(*args, **kwargs)
           ^^^^^^^^^^^^^^^^^^^^^^^^^^^^^
  File "/home/pac4279/miniconda3/envs/eq/lib/python3.12/site-packages/torch/nn/parallel/distributed.py", line 1636, in forward
    else self._run_ddp_forward(*inputs, **kwargs)
         ^^^^^^^^^^^^^^^^^^^^^^^^^^^^^^^^^^^^^^^^
  File "/home/pac4279/miniconda3/envs/eq/lib/python3.12/site-packages/torch/nn/parallel/distributed.py", line 1454, in _run_ddp_forward
    return self.module(*inputs, **kwargs)  # type: ignore[index]
           ^^^^^^^^^^^^^^^^^^^^^^^^^^^^^^
  File "/home/pac4279/miniconda3/envs/eq/lib/python3.12/site-packages/torch/nn/modules/module.py", line 1553, in _wrapped_call_impl
    return self._call_impl(*args, **kwargs)
           ^^^^^^^^^^^^^^^^^^^^^^^^^^^^^^^^
  File "/home/pac4279/miniconda3/envs/eq/lib/python3.12/site-packages/torch/nn/modules/module.py", line 1562, in _call_impl
    return forward_call(*args, **kwargs)
           ^^^^^^^^^^^^^^^^^^^^^^^^^^^^^
  File "/home/pac4279/miniconda3/envs/eq/lib/python3.12/site-packages/lightning/pytorch/strategies/strategy.py", line 633, in wrapped_forward
    out = method(*_args, **_kwargs)
          ^^^^^^^^^^^^^^^^^^^^^^^^^
  File "/home/pac4279/EveryQuery/src/models/everyquery.py", line 142, in training_step
    return self._step(batch, 'train')
           ^^^^^^^^^^^^^^^^^^^^^^^^^^
  File "/home/pac4279/EveryQuery/src/models/everyquery.py", line 117, in _step
    embed = self.embed_function(batch)
            ^^^^^^^^^^^^^^^^^^^^^^^^^^
  File "/home/pac4279/EveryQuery/src/models/everyquery.py", line 106, in supervised_query
    context = self.model(self.input_encoder(batch['context']))
              ^^^^^^^^^^^^^^^^^^^^^^^^^^^^^^^^^^^^^^^^^^^^^^^^
  File "/home/pac4279/miniconda3/envs/eq/lib/python3.12/site-packages/torch/nn/modules/module.py", line 1553, in _wrapped_call_impl
    return self._call_impl(*args, **kwargs)
           ^^^^^^^^^^^^^^^^^^^^^^^^^^^^^^^^
  File "/home/pac4279/miniconda3/envs/eq/lib/python3.12/site-packages/torch/nn/modules/module.py", line 1562, in _call_impl
    return forward_call(*args, **kwargs)
           ^^^^^^^^^^^^^^^^^^^^^^^^^^^^^
  File "/home/pac4279/EveryQuery/meds-torch/src/meds_torch/models/components/transformer_decoder.py", line 29, in forward
    output, embeddings = self.model(input_data, mask=mask, return_logits_and_embeddings=True)
                         ^^^^^^^^^^^^^^^^^^^^^^^^^^^^^^^^^^^^^^^^^^^^^^^^^^^^^^^^^^^^^^^^^^^^
  File "/home/pac4279/miniconda3/envs/eq/lib/python3.12/site-packages/torch/nn/modules/module.py", line 1553, in _wrapped_call_impl
    return self._call_impl(*args, **kwargs)
           ^^^^^^^^^^^^^^^^^^^^^^^^^^^^^^^^
  File "/home/pac4279/miniconda3/envs/eq/lib/python3.12/site-packages/torch/nn/modules/module.py", line 1562, in _call_impl
    return forward_call(*args, **kwargs)
           ^^^^^^^^^^^^^^^^^^^^^^^^^^^^^
  File "/home/pac4279/miniconda3/envs/eq/lib/python3.12/site-packages/x_transformers/x_transformers.py", line 2156, in forward
    x, intermediates = self.attn_layers(x, mask = mask, mems = mems, mem_masks = mem_masks, cache = cache, return_hiddens = True, seq_start_pos = seq_start_pos, **kwargs)
                       ^^^^^^^^^^^^^^^^^^^^^^^^^^^^^^^^^^^^^^^^^^^^^^^^^^^^^^^^^^^^^^^^^^^^^^^^^^^^^^^^^^^^^^^^^^^^^^^^^^^^^^^^^^^^^^^^^^^^^^^^^^^^^^^^^^^^^^^^^^^^^^^^^^^
  File "/home/pac4279/miniconda3/envs/eq/lib/python3.12/site-packages/torch/nn/modules/module.py", line 1553, in _wrapped_call_impl
    return self._call_impl(*args, **kwargs)
           ^^^^^^^^^^^^^^^^^^^^^^^^^^^^^^^^
  File "/home/pac4279/miniconda3/envs/eq/lib/python3.12/site-packages/torch/nn/modules/module.py", line 1562, in _call_impl
    return forward_call(*args, **kwargs)
           ^^^^^^^^^^^^^^^^^^^^^^^^^^^^^
  File "/home/pac4279/miniconda3/envs/eq/lib/python3.12/site-packages/x_transformers/x_transformers.py", line 1723, in forward
    out, inter = block(x, mask = mask, context_mask = self_attn_kv_mask, attn_mask = attn_mask, rel_pos = self.rel_pos, rotary_pos_emb = rotary_pos_emb, prev_attn = prev_attn, cache = next(iter_attn_cache, None), mem = layer_mem, mem_mask = layer_mem_mask, return_intermediates = True)
                 ^^^^^^^^^^^^^^^^^^^^^^^^^^^^^^^^^^^^^^^^^^^^^^^^^^^^^^^^^^^^^^^^^^^^^^^^^^^^^^^^^^^^^^^^^^^^^^^^^^^^^^^^^^^^^^^^^^^^^^^^^^^^^^^^^^^^^^^^^^^^^^^^^^^^^^^^^^^^^^^^^^^^^^^^^^^^^^^^^^^^^^^^^^^^^^^^^^^^^^^^^^^^^^^^^^^^^^^^^^^^^^^^^^^^^^^^^^^^^^^^^^^^^^^^^^^^^^^^^^^^^^^^^^^^
  File "/home/pac4279/miniconda3/envs/eq/lib/python3.12/site-packages/torch/nn/modules/module.py", line 1553, in _wrapped_call_impl
    return self._call_impl(*args, **kwargs)
           ^^^^^^^^^^^^^^^^^^^^^^^^^^^^^^^^
  File "/home/pac4279/miniconda3/envs/eq/lib/python3.12/site-packages/torch/nn/modules/module.py", line 1562, in _call_impl
    return forward_call(*args, **kwargs)
           ^^^^^^^^^^^^^^^^^^^^^^^^^^^^^
  File "/home/pac4279/miniconda3/envs/eq/lib/python3.12/site-packages/x_transformers/x_transformers.py", line 1203, in forward
    out, intermediates = self.attend(
                         ^^^^^^^^^^^^
  File "/home/pac4279/miniconda3/envs/eq/lib/python3.12/site-packages/torch/nn/modules/module.py", line 1553, in _wrapped_call_impl
    return self._call_impl(*args, **kwargs)
           ^^^^^^^^^^^^^^^^^^^^^^^^^^^^^^^^
  File "/home/pac4279/miniconda3/envs/eq/lib/python3.12/site-packages/torch/nn/modules/module.py", line 1562, in _call_impl
    return forward_call(*args, **kwargs)
           ^^^^^^^^^^^^^^^^^^^^^^^^^^^^^
  File "/home/pac4279/miniconda3/envs/eq/lib/python3.12/site-packages/x_transformers/attend.py", line 349, in forward
    post_softmax_attn = attn.clone()
                        ^^^^^^^^^^^^
torch.OutOfMemoryError: CUDA out of memory. Tried to allocate 2.00 GiB. GPU 0 has a total capacity of 31.73 GiB of which 1.37 GiB is free. Including non-PyTorch memory, this process has 30.36 GiB memory in use. Of the allocated memory 28.65 GiB is allocated by PyTorch, and 1.02 GiB is reserved by PyTorch but unallocated. If reserved but unallocated memory is large try setting PYTORCH_CUDA_ALLOC_CONF=expandable_segments:True to avoid fragmentation.  See documentation for Memory Management  (https://pytorch.org/docs/stable/notes/cuda.html#environment-variables)

Set the environment variable HYDRA_FULL_ERROR=1 for a complete stack trace.
/home/pac4279/miniconda3/envs/eq/lib/python3.12/site-packages/wandb/sdk/wandb_run.py:2380: UserWarning: Run (kkb8fwas) is finished. The call to `_console_raw_callback` will be ignored. Please make sure that you are using an active run.
  lambda data: self._console_raw_callback("stdout", data),
