[rank: 0] Seed set to 140799
2025-05-26 22:03:31.891 | INFO     | meds_torch.data.components.pytorch_dataset:__init__:510 - Reading subject schema and static data
2025-05-26 22:03:35.018 | INFO     | meds_torch.data.components.pytorch_dataset:__init__:510 - Reading subject schema and static data
2025-05-26 22:03:37.305 | INFO     | meds_torch.data.components.pytorch_dataset:__init__:510 - Reading subject schema and static data
2025-05-26 22:03:38.009 | INFO     | meds_torch.data.components.pytorch_dataset:__init__:510 - Reading subject schema and static data
Trainer already configured with model summary callbacks: [<class 'lightning.pytorch.callbacks.rich_model_summary.RichModelSummary'>]. Skipping setting a default `ModelSummary` callback.
GPU available: True (cuda), used: True
TPU available: False, using: 0 TPU cores
HPU available: False, using: 0 HPUs
wandb: Currently logged in as: payalchandak. Use `wandb login --relogin` to force relogin
wandb: Tracking run with wandb version 0.17.9
wandb: Run data is saved locally in /home/pac4279/EveryQuery/results/2025-05-26_22-03-31_379915/wandb/run-20250526_220341-mlhld0o3
wandb: Run `wandb offline` to turn off syncing.
wandb: Syncing run driven-surf-682
wandb: ⭐️ View project at https://wandb.ai/payalchandak/EveryQuery
wandb: 🚀 View run at https://wandb.ai/payalchandak/EveryQuery/runs/mlhld0o3
Initializing distributed: GLOBAL_RANK: 0, MEMBER: 1/1
----------------------------------------------------------------------------------------------------
distributed_backend=nccl
All distributed processes registered. Starting with 1 processes
----------------------------------------------------------------------------------------------------

LOCAL_RANK: 0 - CUDA_VISIBLE_DEVICES: [0]
SLURM auto-requeueing enabled. Setting signal handlers.
/home/pac4279/miniconda3/envs/eq/lib/python3.12/site-packages/lightning/pytorch/trainer/connectors/data_connector.py:424: The 'val_dataloader' does not have many workers which may be a bottleneck. Consider increasing the value of the `num_workers` argument` to `num_workers=3` in the `DataLoader` to improve performance.
/home/pac4279/miniconda3/envs/eq/lib/python3.12/site-packages/lightning/pytorch/trainer/connectors/logger_connector/result.py:431: It is recommended to use `self.log('val/loss', ..., sync_dist=True)` when logging on epoch level in distributed setting to accumulate the metric across devices.
/home/pac4279/miniconda3/envs/eq/lib/python3.12/site-packages/lightning/pytorch/trainer/connectors/logger_connector/result.py:431: It is recommended to use `self.log('val/censor_loss', ..., sync_dist=True)` when logging on epoch level in distributed setting to accumulate the metric across devices.
/home/pac4279/miniconda3/envs/eq/lib/python3.12/site-packages/lightning/pytorch/trainer/connectors/logger_connector/result.py:431: It is recommended to use `self.log('val/occurs_loss', ..., sync_dist=True)` when logging on epoch level in distributed setting to accumulate the metric across devices.
/home/pac4279/miniconda3/envs/eq/lib/python3.12/site-packages/lightning/pytorch/trainer/connectors/data_connector.py:424: The 'train_dataloader' does not have many workers which may be a bottleneck. Consider increasing the value of the `num_workers` argument` to `num_workers=3` in the `DataLoader` to improve performance.
Trainer was signaled to stop but the required `min_epochs=35` or `min_steps=None` has not been met. Training will continue...
wandb: ERROR Error while calling W&B API: context deadline exceeded (<Response [500]>)
wandb: 429 encountered ({"error":"rate limit exceeded"}), retrying request
wandb: Network error resolved after 0:00:19.454960, resuming normal operation.
Restoring states from the checkpoint path at /home/pac4279/EveryQuery/results/2025-05-26_22-03-31_379915/checkpoints/epoch_026.ckpt
LOCAL_RANK: 0 - CUDA_VISIBLE_DEVICES: [0]
Loaded model weights from the checkpoint at /home/pac4279/EveryQuery/results/2025-05-26_22-03-31_379915/checkpoints/epoch_026.ckpt
SLURM auto-requeueing enabled. Setting signal handlers.
/home/pac4279/miniconda3/envs/eq/lib/python3.12/site-packages/lightning/pytorch/trainer/connectors/data_connector.py:424: The 'test_dataloader' does not have many workers which may be a bottleneck. Consider increasing the value of the `num_workers` argument` to `num_workers=3` in the `DataLoader` to improve performance.
/home/pac4279/miniconda3/envs/eq/lib/python3.12/site-packages/lightning/pytorch/trainer/connectors/logger_connector/result.py:431: It is recommended to use `self.log('test/loss', ..., sync_dist=True)` when logging on epoch level in distributed setting to accumulate the metric across devices.
/home/pac4279/miniconda3/envs/eq/lib/python3.12/site-packages/lightning/pytorch/trainer/connectors/logger_connector/result.py:431: It is recommended to use `self.log('test/censor_loss', ..., sync_dist=True)` when logging on epoch level in distributed setting to accumulate the metric across devices.
/home/pac4279/miniconda3/envs/eq/lib/python3.12/site-packages/lightning/pytorch/trainer/connectors/logger_connector/result.py:431: It is recommended to use `self.log('test/occurs_loss', ..., sync_dist=True)` when logging on epoch level in distributed setting to accumulate the metric across devices.
2025-05-27 20:29:06.937 | DEBUG    | __main__:train:120 - Train Time: 
wandb: - 0.007 MB of 0.007 MB uploadedwandb: \ 0.007 MB of 0.007 MB uploadedwandb: | 0.007 MB of 0.007 MB uploadedwandb: / 0.962 MB of 0.962 MB uploaded (0.003 MB deduped)wandb:                                                                                
wandb: W&B sync reduced upload amount by 0.3%
wandb: 
wandb: Run history:
wandb:               epoch ▁▂▃▄▄▅▅▅▅▅▅▅▆▆▆▆▆▆▆▆▆▇▇▇▇▇▇▇▇▇▇▇▇███████
wandb:     test/censor_auc ▁
wandb:    test/censor_loss ▁
wandb:           test/loss ▁
wandb:     test/occurs_auc ▁
wandb:    test/occurs_loss ▁
wandb:    train/censor_auc ▁▅▅▅▆▆▆▆▆▆▆▆▆▇▇▇▇▇▇▇▇▇▇▇▇▇▇████████
wandb:   train/censor_loss █▇▇▅▆█▄█▁▆▆▇▅▅█▅▇█▆▄▇▆▄▇▆▄▇▇▅▆▇▄▇▄▇▇▆▅▆▅
wandb:          train/loss ▄▅▄▃▄▆▄▆▁▅▃▆▅▄▆▄▆▇▆▂▅▆▄█▄▂▇▆▃▆▄▄▆▃▅█▅▅▃▃
wandb:    train/occurs_auc ▁▇▇▇▇▇▇▇█▇▇▇█▇▇█▇▇▇████████████▇███
wandb:   train/occurs_loss ▁▄▂▁▂▃▅▃▂▃▁▄▄▃▃▃▅▅▅▁▃▆▄█▂▁▆▄▃▆▂▅▄▂▄▇▄▅▁▂
wandb: trainer/global_step ▁▂▃▃▄▅▅▅▅▅▅▅▅▆▆▆▆▆▆▆▆▆▆▇▇▇▇▇▇▇▇▇▇▇██████
wandb:      val/censor_auc ▁▃▃▃▄▃▄▅▅▄▆▅▅▆▆▆▆▆▇▅▇▇█▇▇▇█▇▇█▇▇▇▇▇
wandb:     val/censor_loss █▆▇▆▅▆▆▅▄▅▄▅▄▃▄▄▃▃▂▄▂▂▁▂▂▂▁▂▂▁▂▂▃▃▂
wandb:            val/loss █▆██▅▆█▆▄▄▆▅▅▄▃▄▄▄▅▄▂▃▅▃▂▂▁▃▂▂▄▃▃▄▃
wandb:      val/occurs_auc ▂▅▂▄▅▃▄▄▄▆▁▂▃▃▅▆▅▅▅▃▃▁▃▆▅▆▇▆▅▅▅█▆▇▆
wandb:     val/occurs_loss ▆▅▇█▄▄█▇▄▂▇▃▅▄▂▃▄▅▇▃▂▄█▃▃▂▁▃▂▄▅▃▄▄▄
wandb: 
wandb: Run summary:
wandb:               epoch 35
wandb:     test/censor_auc 0.95015
wandb:    test/censor_loss 0.23734
wandb:           test/loss 0.28389
wandb:     test/occurs_auc 0.93689
wandb:    test/occurs_loss 0.04656
wandb:    train/censor_auc 0.95627
wandb:   train/censor_loss 0.24049
wandb:          train/loss 0.29161
wandb:    train/occurs_auc 0.93661
wandb:   train/occurs_loss 0.05112
wandb: trainer/global_step 11095
wandb:      val/censor_auc 0.95114
wandb:     val/censor_loss 0.23552
wandb:            val/loss 0.28701
wandb:      val/occurs_auc 0.93937
wandb:     val/occurs_loss 0.05149
wandb: 
wandb: 🚀 View run driven-surf-682 at: https://wandb.ai/payalchandak/EveryQuery/runs/mlhld0o3
wandb: ⭐️ View project at: https://wandb.ai/payalchandak/EveryQuery
wandb: Synced 6 W&B file(s), 0 media file(s), 2 artifact file(s) and 0 other file(s)
wandb: Find logs at: ./results/2025-05-26_22-03-31_379915/wandb/run-20250526_220341-mlhld0o3/logs
wandb: WARNING wandb version 0.19.11 is available!  To upgrade, please run:
wandb: WARNING  $ pip install wandb --upgrade
wandb: WARNING The new W&B backend becomes opt-out in version 0.18.0; try it out with `wandb.require("core")`! See https://wandb.me/wandb-core for more information.
